<?xml version="1.0" encoding="UTF-8"?>
<!-- Generated by org.testng.reporters.JUnitXMLReporter -->
<testsuite hostname="DESKTOP-ONQP60F" ignored="0" name="Test" tests="4" failures="0" timestamp="2021-10-19T10:31:48 IST" time="0.047" errors="0">
  <testcase name="ContactTest" time="0.0" classname="com.crm.contacttest.ContactTest"/>
  <testcase name="editContactTest" time="0.0" classname="com.crm.contacttest.ContactTest"/>
  <testcase name="OrgTest" time="0.0" classname="com.crm.orgtest.OrgTest"/>
  <testcase name="editorgTest" time="0.0" classname="com.crm.orgtest.OrgTest"/>
</testsuite> <!-- Test -->
