<?xml version="1.0" encoding="UTF-8"?>
<!-- Generated by org.testng.reporters.JUnitXMLReporter -->
<testsuite hostname="DESKTOP-ONQP60F" ignored="0" name="Test" tests="5" failures="0" timestamp="2021-10-06T16:31:44 IST" time="103.684" errors="0">
  <testcase name="DuplicateContacts" time="20.818" classname="testScript.TC_17CreateContacts"/>
  <testcase name="SelectsendMail" time="20.064" classname="testScript.TC_19CreateContacts"/>
  <testcase name="Compasemail" time="21.393" classname="testScript.TC_18CreateContacts"/>
  <testcase name="CreateContacts" time="23.677" classname="testScript.TC_20CreateContacts"/>
  <testcase name="ViewedContacts" time="17.655" classname="testScript.TC_16CreateContacts"/>
</testsuite> <!-- Test -->
