<?xml version="1.0" encoding="UTF-8"?>
<testng-results skipped="0" failed="0" ignored="0" total="1" passed="1">
  <reporter-output>
  </reporter-output>
  <suite name="Default suite" duration-ms="27399" started-at="2021-10-07T23:22:33 IST" finished-at="2021-10-07T23:23:00 IST">
    <groups>
    </groups>
    <test name="Default test" duration-ms="27399" started-at="2021-10-07T23:22:33 IST" finished-at="2021-10-07T23:23:00 IST">
      <class name="testScript.TC_20CreateContacts">
        <test-method status="PASS" signature="CreateContacts()[pri:0, instance:testScript.TC_20CreateContacts@33c7e1bb]" name="CreateContacts" duration-ms="27329" started-at="2021-10-07T23:22:33 IST" finished-at="2021-10-07T23:23:00 IST">
          <reporter-output>
          </reporter-output>
        </test-method> <!-- CreateContacts -->
      </class> <!-- testScript.TC_20CreateContacts -->
    </test> <!-- Default test -->
  </suite> <!-- Default suite -->
</testng-results>
