<?xml version="1.0" encoding="UTF-8"?>
<testng-results skipped="0" failed="0" ignored="0" total="2" passed="2">
  <reporter-output>
  </reporter-output>
  <suite name="Default suite" duration-ms="78" started-at="2021-10-19T15:19:26 IST" finished-at="2021-10-19T15:19:26 IST">
    <groups>
    </groups>
    <test name="Default test" duration-ms="78" started-at="2021-10-19T15:19:26 IST" finished-at="2021-10-19T15:19:26 IST">
      <class name="com.crm.orgtest.OrgTest">
        <test-method status="PASS" signature="OrgTest()[pri:0, instance:com.crm.orgtest.OrgTest@74650e52]" name="OrgTest" duration-ms="15" started-at="2021-10-19T15:19:26 IST" finished-at="2021-10-19T15:19:26 IST">
          <reporter-output>
          </reporter-output>
        </test-method> <!-- OrgTest -->
        <test-method status="PASS" signature="editorgTest()[pri:0, instance:com.crm.orgtest.OrgTest@74650e52]" name="editorgTest" duration-ms="4" started-at="2021-10-19T15:19:26 IST" finished-at="2021-10-19T15:19:26 IST">
          <reporter-output>
          </reporter-output>
        </test-method> <!-- editorgTest -->
      </class> <!-- com.crm.orgtest.OrgTest -->
    </test> <!-- Default test -->
  </suite> <!-- Default suite -->
</testng-results>
