<?xml version="1.0" encoding="UTF-8"?>
<testng-results skipped="0" failed="0" ignored="0" total="4" passed="4">
  <reporter-output>
  </reporter-output>
  <suite name="Suite" duration-ms="47" started-at="2021-10-19T10:31:47 IST" finished-at="2021-10-19T10:31:48 IST">
    <groups>
      <group name="regression">
        <method signature="ContactTest.editContactTest()[pri:0, instance:com.crm.contacttest.ContactTest@15d0c81b]" name="editContactTest" class="com.crm.contacttest.ContactTest"/>
      </group> <!-- regression -->
      <group name="smoketest">
        <method signature="ContactTest.ContactTest()[pri:0, instance:com.crm.contacttest.ContactTest@15d0c81b]" name="ContactTest" class="com.crm.contacttest.ContactTest"/>
      </group> <!-- smoketest -->
    </groups>
    <test name="Test" duration-ms="47" started-at="2021-10-19T10:31:47 IST" finished-at="2021-10-19T10:31:48 IST">
      <class name="com.crm.contacttest.ContactTest">
        <test-method status="PASS" signature="ContactTest()[pri:0, instance:com.crm.contacttest.ContactTest@15d0c81b]" name="ContactTest" duration-ms="0" started-at="2021-10-19T10:31:47 IST" finished-at="2021-10-19T10:31:47 IST">
          <reporter-output>
          </reporter-output>
        </test-method> <!-- ContactTest -->
        <test-method status="PASS" signature="editContactTest()[pri:0, instance:com.crm.contacttest.ContactTest@15d0c81b]" name="editContactTest" duration-ms="0" started-at="2021-10-19T10:31:47 IST" finished-at="2021-10-19T10:31:47 IST">
          <reporter-output>
          </reporter-output>
        </test-method> <!-- editContactTest -->
      </class> <!-- com.crm.contacttest.ContactTest -->
      <class name="com.crm.orgtest.OrgTest">
        <test-method status="PASS" signature="OrgTest()[pri:0, instance:com.crm.orgtest.OrgTest@e320068]" name="OrgTest" duration-ms="0" started-at="2021-10-19T10:31:48 IST" finished-at="2021-10-19T10:31:48 IST">
          <reporter-output>
          </reporter-output>
        </test-method> <!-- OrgTest -->
        <test-method status="PASS" signature="editorgTest()[pri:0, instance:com.crm.orgtest.OrgTest@e320068]" name="editorgTest" duration-ms="0" started-at="2021-10-19T10:31:48 IST" finished-at="2021-10-19T10:31:48 IST">
          <reporter-output>
          </reporter-output>
        </test-method> <!-- editorgTest -->
      </class> <!-- com.crm.orgtest.OrgTest -->
    </test> <!-- Test -->
  </suite> <!-- Suite -->
</testng-results>
